[10628][1729784906789][main][info]["Booting Postman 11.17.0, linux-6.9.3-76060903-generic on x64"]
[10628][1729784906792][main][info]["EventBus~initialize - Success"]
[10628][1729784906795][main][info]["Proxy configuration has not been setup"]
[10628][1729784906796][main][info]["CloudProxyManager~init - Success"]
[10628][1729784906840][main][info]["performShellDataMigration: Starting shell data migration"]
[10628][1729784906840][main][info]["migrateShellData:Starting"]
[10628][1729784906844][main][info]["migrateShellData: Old storage cleaned up"]
[10628][1729784907022][main][info]["migrateShellData: Got data from shell. Writing to storage"]
[10628][1729784907029][main][info]["performShellDataMigration: Migration successful on try count 1"]
[10628][1729784907038][main][info]["UpdateHandler~init - Success"]
[10628][1729784907039][main][info]["LeaderSelection: Initialized successfully"]
[10628][1729784907039][main][info]["VersionDependencyService: Initialized successfully"]
[10628][1729784907047][main][info]["LinuxAutoUpdater~Cleanup - Initial cleanup successful"]
[10628][1729784907055][main][info]["shellController~init: Success"]
[10628][1729784907056][main][info]["shellMeta~init: Success"]
[10628][1729784907056][main][info]["partitionMigrationService: State of V7 partition:"]
[10628][1729784907056][main][info]["partitionMigrationService: V7 partitions",[]]
[10628][1729784907056][main][info]["partitionMigrationService~rectifyNamespaceOfScratchPadPartition: There is no partition with scratchpad namespace"]
[10628][1729784907056][main][info]["partitionMigrationService~rectifyNamespaceOfScratchPadPartition: There is no transit partition which could have been used for scratchpad"]
[10628][1729784907056][main][info]["partitionMigrationService~init: Success"]
[10628][1729784907057][main][info]["partitionMigrationService~runV8PartitionsIntegrity: Two way migration~ removing the following partitions from v8",[]]
[10628][1729784907057][main][info]["userPartitionService~_rectifyTheActivePartitionOfApplication: Setting the active partition to ",null]
[10628][1729784907070][main][info]["Generated root certificate for linux"]
[10628][1729784907098][main][info]["userPartitionService~init: Success"]
[10628][1729784907108][main][info]["GPU detected VID 32902 DID 42912 ACTIVE true"]
[10628][1729784907113][main][info]["newAccountRegionPreferenceService~getPreferenceWithFallback - Preference not found in storage."]
[10628][1729784907113][main][info]["newAccountRegionPreferenceService~getToggleMenuTemplate - Using preference:","useUSRegion"]
[10628][1729784907126][main][info]["userPartitionService: State of v8 partition system:"]
[10628][1729784907126][main][info]["shell~init~getPartitionToLoad: loading scratchpad partition"]
[10628][1729784907127][main][info]["userPartitionService: List of partitions:",[]]
[10628][1729784907127][main][info]["userPartitionService: users global meta:",{}]
[10628][1729784907137][main][info]["Main:windowManager~newRequesterWindow: Fetch and update runtime config: undefined"]
[10628][1729784907527][main][info]["proxyCertificateService~ensureRootCAPresence: Deleting and creating new certificates"]
[10628][1729784909953][main][info]["RuntimeIPCAgent~started: Success"]
[10628][1729784909965][main][info]["Main~scratchpadThemeAction:: action: set, value: dark"]
[10628][1729784909968][main][info]["Main~scratchpadThemeAction:: action: set, value: dark"]
[10628][1729784909974][main][info]["Main~scratchpadThemeAction:: action: set, value: dark"]
[10628][1729784909997][main][info]["UpdateHandler~app-update-events - Received event",{"name":"checkForElectronVersionUpdated","namespace":"appUpdate"}]
[10628][1729784910006][main][info]["windowManager: First requester booted successfully."]
[10628][1729784910006][main][info]["windowManager~restoreWindows: Restoring requester windows"]
[10628][1729784910007][main][info]["Main~AppEvents - Received booted event for process requester.Version undefined UI Version: undefined Desktop Platform Version: 11.17.0"]
[10628][1729784912716][main][info]["VersionDependencyService: Resetting UI version as user logged out/switched account"]
[10628][1729784912717][main][info]["Main - model-events~user - (users, add) received"]
[10628][1729784912996][main][info]["AuthHandler~open: Received dom-ready event."]
[10628][1729784912998][main][info]["AuthHandler~open: Received did-finish-load event."]
[10628][1729784913141][main][warn]["AuthHandler~open: Current app is not default protocol client - Falling back to polling mechanism."]
[10628][1729784913143][main][info]["newAccountRegionPreferenceService~getPreferenceWithFallback - Preference not found in storage."]
[10628][1729784913143][main][info]["newAccountRegionPreferenceService~getRegionPreference - Using preference:","useUSRegion"]
[10628][1729784913144][main][info]["AuthHandler~open: new Account region preference:","us"]
[10628][1729784913144][main][info]["AuthHandler~open: get multiLoginToken token."]
[10628][1729784913145][main][info]["AuthHandler~open: Publishing initialize event to auth-window channel."]
[10628][1729784931704][main][info]["Shell~init~loginUser: associating the user ","29980751"," with transit partition"]
[10628][1729784931705][main][info]["userPartitionService~getNewPartitionId: creating a partition with userId and teamId as 0"]
[10628][1729784931721][main][info]["userPartitionService~associateTransitPartition: ",{"partitionId":"40961916-fdd3-4b4d-baed-dc91b505226a","context":{"namespace":"users","userId":"29980751","teamId":"0","region":"us"}}]
[10628][1729784931733][main][info]["userPartitionService: State of v8 partition system:"]
[10628][1729784931733][main][info]["userPartitionService: List of partitions:",[{"partitionId":"40961916-fdd3-4b4d-baed-dc91b505226a","namespace":"users","userId":"29980751","teamId":"0","lastUpdated":"2024-10-24T15:48:51.721Z"},{"partitionId":"b86fc175-7ae9-4dfb-9e82-6e1955d9533e","namespace":"scratchPad","userId":0,"teamId":0,"isDirty":false}]]
[10628][1729784931734][main][info]["userPartitionService: users global meta:",{}]
[10628][1729784931736][main][info]["Main:windowManager~newRequesterWindow: Fetch and update runtime config: us"]
[10628][1729784935706][main][info]["Main~getRemoteInitPath:: "]
[10628][1729784935778][main][info]["Main - model-events~user - (user, update) received"]
[10628][1729784935778][main][info]["Main~reload: https://desktop.postman.com/?desktopVersion=11.17.0&userId=29980751&teamId=0&region=us"]
[10628][1729784936242][main][info]["UpdateHandler~app-update-events - Received event",{"name":"checkForElectronVersionUpdated","namespace":"appUpdate"}]
[10628][1729784936254][main][info]["INTERCEPTOR CONNECTIVITY: Connecting to Interceptor Bridge"]
[10628][1729784936261][main][info]["windowManager: First requester booted successfully."]
[10628][1729784936262][main][info]["windowManager~restoreWindows: Restoring requester windows"]
[10628][1729784936262][main][info]["Main~AppEvents - Received booted event for process requester.Version 11.17.1 UI Version: 11.17.1-ui-241016-0849 Desktop Platform Version: 11.17.0"]
[10628][1729784936366][main][info]["Main~getRemoteInitPath:: "]
[10628][1729784936538][main][info]["INTERCEPTOR CONNECTIVITY: Attempting to start websocket server on port 15611"]
[10628][1729784936600][main][info]["Main~getPlatformLaunchPerfMetrics"]
[10628][1729784938413][main][info]["Main~getRemoteInitPath:: "]
[10628][1729784938520][main][info]["Main - model-events~user - (user, update) received"]
[10628][1729784938846][main][info]["UpdateHandler~app-update-events - Received event",{"name":"checkForElectronVersionUpdated","namespace":"appUpdate"}]
[10628][1729784938858][main][info]["Main~AppEvents - Received booted event for process requester.Version 11.17.1 UI Version: 11.17.1-ui-241016-0849 Desktop Platform Version: 11.17.0"]
[10628][1729784938913][main][info]["Main~getRemoteInitPath:: "]
[10628][1729784939434][main][info]["Main~getPlatformLaunchPerfMetrics"]
[10628][1729784939654][main][info]["Main - model-events~user - (user, bootstrapUser) received"]
[10628][1729784939655][main][info]["model-events~user - bootstrapUser received"]
[10628][1729784939656][main][info]["Main - model-events~user - (user, bootstrapUser) received"]
[10628][1729784939656][main][info]["model-events~user - bootstrapUser received"]
[10628][1729784954346][main][info]["UpdateHandler~app-update-events - Received event",{"name":"updateElectron","namespace":"appUpdate","data":{"channel":"stable","version":"11.17.0","downloadVersion":"11.18.0","appId":"0d67b855-17c0-488d-b330-21411988c3a0","userAgent":"Mozilla/5.0 (X11; Linux x86_64) AppleWebKit/537.36 (KHTML, like Gecko) Postman/11.17.0 Electron/28.3.1 Safari/537.36","platform":"LINUX","arch":"64","downloadURL":"https://dl.pstmn.io/download/version/11.18.0/linux_64","updateServerDomain":"https://dl.pstmn.io/","additionalParamsString":"installationId=0d67b855-17c0-488d-b330-21411988c3a0&userId=29980751&syncEnabled=true&teamPlan=&teamId=0","userId":"29980751"}}]
[10628][1729784954346][main][info]["LinuxUpdater~downloadUpdate - UpdateInfo received",{"channel":"stable","version":"11.17.0","downloadVersion":"11.18.0","appId":"0d67b855-17c0-488d-b330-21411988c3a0","userAgent":"Mozilla/5.0 (X11; Linux x86_64) AppleWebKit/537.36 (KHTML, like Gecko) Postman/11.17.0 Electron/28.3.1 Safari/537.36","platform":"LINUX","arch":"64","downloadURL":"https://dl.pstmn.io/download/version/11.18.0/linux_64","updateServerDomain":"https://dl.pstmn.io/","additionalParamsString":"installationId=0d67b855-17c0-488d-b330-21411988c3a0&userId=29980751&syncEnabled=true&teamPlan=&teamId=0","userId":"29980751"}]
[10628][1729785068138][main][info]["LinuxAutoUpdater~Extraction completed",{"packageName":"Postman","eID":"Postman-1729784954347","downloadURL":"https://dl.pstmn.io/download/version/11.18.0/linux_64","downloadDirectory":"/home/rahul/Postman","downloadInfo":{"status":"DOWNLOAD_COMPLETED","error":null,"downloadDirectory":"/home/rahul/Postman"},"extractInfo":{"status":"EXTRACTION_SUCCESSFUL","error":null,"extractDirectory":"/home/rahul/Postman","standardOutput":"","standardError":""}}]
[10628][1729785068138][main][info]["@postman/app-updater: Update updateDownloaded","","Postman 11.18.0","","https://dl.pstmn.io/download/version/11.18.0/linux_64"]
[10628][1729785068139][main][info]["UpdateHandler~app-update-events - Received event",{"name":"electronAppUpdateDownloaded","namespace":"appUpdate","data":{"releaseName":"Postman 11.18.0","notes":"","date":"","URL":"https://dl.pstmn.io/download/version/11.18.0/linux_64"}}]
[10628][1729785265055][main][info]["sendAnalytics: Error while sending request",{"cause":{"name":"ConnectTimeoutError","code":"UND_ERR_CONNECT_TIMEOUT","message":"Connect Timeout Error","stack":"ConnectTimeoutError: Connect Timeout Error\n    at onConnectTimeout (node:internal/deps/undici/undici:7434:28)\n    at node:internal/deps/undici/undici:7390:50\n    at Immediate._onImmediate (node:internal/deps/undici/undici:7422:13)\n    at processImmediate (node:internal/timers:476:21)"},"name":"TypeError","message":"fetch failed","stack":"TypeError: fetch failed\n    at Object.fetch (node:internal/deps/undici/undici:12293:11)\n    at processTicksAndRejections (node:internal/process/task_queues:95:5)"}]
[10628][1729785275640][main][info]["sendAnalytics: Error while sending request",{"cause":{"name":"ConnectTimeoutError","code":"UND_ERR_CONNECT_TIMEOUT","message":"Connect Timeout Error","stack":"ConnectTimeoutError: Connect Timeout Error\n    at onConnectTimeout (node:internal/deps/undici/undici:7434:28)\n    at node:internal/deps/undici/undici:7390:50\n    at Immediate._onImmediate (node:internal/deps/undici/undici:7422:13)\n    at processImmediate (node:internal/timers:476:21)"},"name":"TypeError","message":"fetch failed","stack":"TypeError: fetch failed\n    at Object.fetch (node:internal/deps/undici/undici:12293:11)\n    at processTicksAndRejections (node:internal/process/task_queues:95:5)"}]
[10628][1729785304071][main][info]["sendAnalytics: Error while sending request",{"cause":{"errno":-3008,"code":"ENOTFOUND","syscall":"getaddrinfo","hostname":"events.getpostman.com","name":"Error","message":"getaddrinfo ENOTFOUND events.getpostman.com","stack":"Error: getaddrinfo ENOTFOUND events.getpostman.com\n    at GetAddrInfoReqWrap.onlookup [as oncomplete] (node:dns:108:26)"},"name":"TypeError","message":"fetch failed","stack":"TypeError: fetch failed\n    at Object.fetch (node:internal/deps/undici/undici:12293:11)\n    at processTicksAndRejections (node:internal/process/task_queues:95:5)"}]
[10628][1729786227718][main][info]["WindowManager~closeHandler - Closed Window (id: 4 )"]
[10628][1729786227783][main][info]["Quitting app"]
[10628][1729786227785][main][info]["Applying update and quit the app"]
[10628][1729786227785][main][info]["@postman/app-updater: quitting app to update"]
[10628][1729786227785][main][info]["LinuxAutoUpdater~quitAndInstall - Initiated"]
[10628][1729786227785][main][info]["LinuxAutoUpdater~quitAndInstall - Quitting for update"]
